<?xml version="1.0" encoding="UTF-8"?>
<!-- Generated by org.testng.reporters.JUnitReportReporter -->
<testsuite skipped="1" hostname="LAPTOP-9SCENFI4" name="mainmethods.BasicTestNG" tests="4" failures="0" timestamp="23 Dec 2018 11:52:23 GMT" time="0.074" errors="0">
  <testcase name="testcase2" time="0.033" classname="mainmethods.BasicTestNG"/>
  <testcase name="testcase3" time="0.040" classname="mainmethods.BasicTestNG"/>
  <testcase name="testcase1" time="0.001" classname="mainmethods.BasicTestNG"/>
  <testcase name="testcase4" classname="mainmethods.BasicTestNG">
    <skipped/>
  </testcase> <!-- testcase4 -->
</testsuite> <!-- mainmethods.BasicTestNG -->
