<?xml version="1.0" encoding="UTF-8"?>
<!-- Generated by org.testng.reporters.JUnitReportReporter -->
<testsuite skipped="0" hostname="LAPTOP-9SCENFI4" name="mainmethods.guru99Testng" tests="1" failures="0" timestamp="23 Dec 2018 12:16:55 GMT" time="0.499" errors="0">
  <testcase name="veriftTitle" time="0.499" classname="mainmethods.guru99Testng"/>
</testsuite> <!-- mainmethods.guru99Testng -->
