<?xml version="1.0" encoding="UTF-8"?>
<!-- Generated by org.testng.reporters.JUnitReportReporter -->
<testsuite skipped="0" hostname="LAPTOP-9SCENFI4" name="TestNGpgm.guru99Testng" tests="2" failures="0" timestamp="24 Dec 2018 13:03:35 GMT" time="4.531" errors="0">
  <testcase name="veriftTitle" time="0.603" classname="TestNGpgm.guru99Testng"/>
  <testcase name="loginpage" time="3.928" classname="TestNGpgm.guru99Testng"/>
</testsuite> <!-- TestNGpgm.guru99Testng -->
