<?xml version="1.0" encoding="UTF-8"?>
<!-- Generated by org.testng.reporters.JUnitReportReporter -->
<testsuite skipped="0" hostname="LAPTOP-9SCENFI4" name="TestNGpgm.DataProviderTestNG" tests="6" failures="0" timestamp="26 Dec 2018 05:40:45 GMT" time="0.052" errors="0">
  <testcase name="printlogindetailsOfDifferntDataTypes" time="0.003" classname="TestNGpgm.DataProviderTestNG"/>
  <testcase name="printlogindetailsOfDifferntDataTypes" time="0.005" classname="TestNGpgm.DataProviderTestNG"/>
  <testcase name="printlogindetails" time="0.031" classname="TestNGpgm.DataProviderTestNG"/>
  <testcase name="printlogindetailsOfDifferntDataTypes" time="0.004" classname="TestNGpgm.DataProviderTestNG"/>
  <testcase name="printlogindetailsOfDifferntDataTypes" time="0.004" classname="TestNGpgm.DataProviderTestNG"/>
  <testcase name="printlogindetails" time="0.005" classname="TestNGpgm.DataProviderTestNG"/>
</testsuite> <!-- TestNGpgm.DataProviderTestNG -->
