<?xml version="1.0" encoding="UTF-8"?>
<!-- Generated by org.testng.reporters.JUnitReportReporter -->
<testsuite skipped="1" hostname="LAPTOP-9SCENFI4" name="TestNGpgm.BasicTestNG2" tests="2" failures="0" timestamp="24 Dec 2018 13:53:47 GMT" time="0.008" errors="0">
  <testcase name="testcase1" time="0.008" classname="TestNGpgm.BasicTestNG2"/>
  <testcase name="testcase4" classname="TestNGpgm.BasicTestNG2">
    <skipped/>
  </testcase> <!-- testcase4 -->
</testsuite> <!-- TestNGpgm.BasicTestNG2 -->
