<?xml version="1.0" encoding="UTF-8"?>
<!-- Generated by org.testng.reporters.JUnitReportReporter -->
<testsuite skipped="0" hostname="LAPTOP-9SCENFI4" name="TestNGpgm.guru99MultipleBrowser" tests="4" failures="0" timestamp="25 Dec 2018 12:28:32 GMT" time="2.808" errors="0">
  <testcase name="veriftTitle" time="0.111" classname="TestNGpgm.guru99MultipleBrowser"/>
  <testcase name="veriftTitle" time="0.317" classname="TestNGpgm.guru99MultipleBrowser"/>
  <testcase name="loginpage" time="0.718" classname="TestNGpgm.guru99MultipleBrowser"/>
  <testcase name="loginpage" time="1.662" classname="TestNGpgm.guru99MultipleBrowser"/>
</testsuite> <!-- TestNGpgm.guru99MultipleBrowser -->
