<?xml version="1.0" encoding="UTF-8"?>
<!-- Generated by org.testng.reporters.JUnitReportReporter -->
<testsuite skipped="1" hostname="LAPTOP-9SCENFI4" name="TestNGpgm.BasicTestNG" tests="5" failures="0" timestamp="26 Dec 2018 09:42:05 GMT" time="0.064" errors="0">
  <testcase name="testcase2" time="0.028" classname="TestNGpgm.BasicTestNG"/>
  <testcase name="testcase3" time="0.011" classname="TestNGpgm.BasicTestNG"/>
  <testcase name="testcase7" time="0.016" classname="TestNGpgm.BasicTestNG"/>
  <testcase name="testcase1" time="0.009" classname="TestNGpgm.BasicTestNG"/>
  <testcase name="testcase4" classname="TestNGpgm.BasicTestNG">
    <skipped/>
  </testcase> <!-- testcase4 -->
</testsuite> <!-- TestNGpgm.BasicTestNG -->
